2024-12-21 22:13:41: Initializing Game Window...
2024-12-21 22:13:42: Player updates ActionTree
2024-12-21 22:13:42: Starting CombatEncounter
2024-12-21 22:13:42: Player starts turn
2024-12-21 22:13:43: Selected: Attack
2024-12-21 22:13:44: Player starts turn
2024-12-21 22:13:45: Player starts turn
2024-12-21 22:13:45: Player starts turn
2024-12-21 22:13:45: Player starts turn
2024-12-21 22:13:46: Player starts turn
2024-12-21 22:13:46: Player starts turn
2024-12-21 22:13:46: Player starts turn
2024-12-21 22:13:48: Player starts turn
2024-12-21 22:13:49: Player starts turn
2024-12-21 22:13:49: Player starts turn
2024-12-21 22:13:49: Player starts turn
2024-12-21 22:13:50: Player starts turn
2024-12-21 22:13:51: Player starts turn
2024-12-21 22:13:51: Player starts turn
2024-12-21 22:13:51: Player starts turn
2024-12-21 22:13:52: Player starts turn
2024-12-21 22:13:52: Player starts turn
2024-12-21 22:13:52: Player starts turn
2024-12-21 22:13:53: Player starts turn
2024-12-21 22:13:53: Player starts turn
2024-12-21 22:13:53: Player starts turn
2024-12-21 22:13:53: CombatEncounter.OnPlayerDeath: Cleo
