2024-12-18 17:06:31: Initializing Game Window...
2024-12-18 17:06:31: Player updates ActionTree
2024-12-18 17:06:31: Starting CombatEncounter
2024-12-18 17:06:31: Player starts turn
2024-12-18 17:06:35: Selected: Attack
2024-12-18 17:06:38: Player starts turn
2024-12-18 17:06:39: Player starts turn
2024-12-18 17:06:40: Player starts turn
2024-12-18 17:06:54: Player starts turn
2024-12-18 17:06:55: Player starts turn
2024-12-18 17:06:59: Player starts turn
2024-12-18 17:07:03: Selected: Attack
2024-12-18 17:07:04: Player starts turn
2024-12-18 17:07:05: Player starts turn
2024-12-18 17:07:11: Selected: Items
2024-12-18 17:07:12: Selected: Items
2024-12-18 17:07:12: Selected: Items
2024-12-18 17:07:13: Selected: Items
2024-12-18 17:07:13: Selected: Magic
2024-12-18 17:07:14: Selected: Magic
2024-12-18 17:07:15: Selected: Items
2024-12-18 17:07:16: Selected: Magic
2024-12-18 17:07:16: Selected: Items
2024-12-18 17:07:17: Selected: Defend
2024-12-18 17:07:17: Player starts turn
2024-12-18 17:07:18: Selected: Attack
2024-12-18 17:07:24: Selected: Attack
2024-12-18 17:07:25: Player starts turn
2024-12-18 17:07:25: Player starts turn
2024-12-18 17:07:25: Player starts turn
2024-12-18 17:07:26: Player starts turn
2024-12-18 17:07:26: Player starts turn
2024-12-18 17:07:26: Player starts turn
2024-12-18 17:07:26: Player starts turn
2024-12-18 17:07:26: Player starts turn
2024-12-18 17:07:27: Player starts turn
2024-12-18 17:07:27: Player starts turn
2024-12-18 17:07:27: Player starts turn
2024-12-18 17:07:27: Player starts turn
2024-12-18 17:07:28: Player starts turn
2024-12-18 17:07:28: Player starts turn
2024-12-18 17:07:28: Player starts turn
2024-12-18 17:07:28: CombatEncounter.OnPlayerDeath: Cleo
